<?xml version="1.0" encoding="UTF-8"?>
<!-- Generated by org.testng.reporters.JUnitXMLReporter -->
<testsuite hostname="D-113064624" ignored="0" name="Default test" tests="2" failures="1" timestamp="07 Feb 2018 09:59:18 GMT" time="0.042" errors="0">
  <testcase name="testExecute" time="0.0" classname="com.wipro.practice.SeleniumPractice.HelloWorldTest">
    <failure type="org.testng.TestNGException" message="
Parameter &amp;apos;expected&amp;apos; is required by @Test on method testExecute but has not been marked @Optional or defined
in C:\Users\KU395948\AppData\Local\Temp\testng-eclipse-1715411980\testng-customsuite.xml">
      <![CDATA[org.testng.TestNGException: 
Parameter 'expected' is required by @Test on method testExecute but has not been marked @Optional or defined
in C:\Users\KU395948\AppData\Local\Temp\testng-eclipse-1715411980\testng-customsuite.xml
	at org.testng.internal.Parameters.createParameters(Parameters.java:199)
	at org.testng.internal.Parameters.createParameters(Parameters.java:443)
	at org.testng.internal.Parameters.handleParameters(Parameters.java:568)
	at org.testng.internal.Invoker.handleParameters(Invoker.java:1293)
	at org.testng.internal.Invoker.createParameters(Invoker.java:1020)
	at org.testng.internal.Invoker.invokeTestMethods(Invoker.java:1110)
	at org.testng.internal.TestMethodWorker.invokeTestMethods(TestMethodWorker.java:129)
	at org.testng.internal.TestMethodWorker.run(TestMethodWorker.java:112)
	at org.testng.TestRunner.privateRun(TestRunner.java:756)
	at org.testng.TestRunner.run(TestRunner.java:610)
	at org.testng.SuiteRunner.runTest(SuiteRunner.java:387)
	at org.testng.SuiteRunner.runSequentially(SuiteRunner.java:382)
	at org.testng.SuiteRunner.privateRun(SuiteRunner.java:340)
	at org.testng.SuiteRunner.run(SuiteRunner.java:289)
	at org.testng.SuiteRunnerWorker.runSuite(SuiteRunnerWorker.java:52)
	at org.testng.SuiteRunnerWorker.run(SuiteRunnerWorker.java:86)
	at org.testng.TestNG.runSuitesSequentially(TestNG.java:1293)
	at org.testng.TestNG.runSuitesLocally(TestNG.java:1218)
	at org.testng.TestNG.runSuites(TestNG.java:1133)
	at org.testng.TestNG.run(TestNG.java:1104)
	at org.testng.remote.AbstractRemoteTestNG.run(AbstractRemoteTestNG.java:114)
	at org.testng.remote.RemoteTestNG.initAndRun(RemoteTestNG.java:251)
	at org.testng.remote.RemoteTestNG.main(RemoteTestNG.java:77)
]]>
    </failure>
  </testcase> <!-- testExecute -->
  <testcase name="testExecute1" time="0.008" classname="com.wipro.practice.SeleniumPractice.HelloWorldTest"/>
</testsuite> <!-- Default test -->
